<?xml version="1.0" encoding="UTF-8"?>
<!-- Generated by org.testng.reporters.JUnitXMLReporter -->
<testsuite ignored="0" hostname="DESKTOP-35648AA" failures="1" tests="16" name="Functional Testing" time="288.421" errors="0" timestamp="2023-02-25T14:22:16 GST">
  <testcase classname="com.Test.Visitor.TestClassVisitor" name="SearchJobinVisitorPage" time="20.277"/>
  <testcase classname="com.Test.Visitor.TestClassVisitor" name="JobNameSearch" time="14.296"/>
  <testcase classname="com.Test.Alumni.TestClassAlumni" name="Signupverification" time="28.317"/>
  <testcase classname="com.Test.Alumni.TestClassAlumni" name="Loginverification" time="18.112"/>
  <testcase classname="com.Test.Alumni.TestClassAlumni" name="SearchJobVerification" time="12.554"/>
  <testcase classname="com.Test.Alumni.TestClassAlumni" name="ApplyJobVerification" time="19.073"/>
  <testcase classname="com.Test.Alumni.TestClassAlumni" name="LogoutVerification" time="3.149">
    <failure type="org.openqa.selenium.NoSuchElementException" message="no such element: Unable to locate element: {&amp;quot;method&amp;quot;:&amp;quot;xpath&amp;quot;,&amp;quot;selector&amp;quot;:&amp;quot;//a[text()=&amp;apos;Logout Alumni&amp;apos;]&amp;quot;}
  (Session info: chrome=110.0.5481.105)
For documentation on this error, please visit: https://selenium.dev/exceptions/#no_such_element
Build info: version: &amp;apos;4.6.0&amp;apos;, revision: &amp;apos;79f1c02ae20&amp;apos;
System info: os.name: &amp;apos;Windows 10&amp;apos;, os.arch: &amp;apos;amd64&amp;apos;, os.version: &amp;apos;10.0&amp;apos;, java.version: &amp;apos;19.0.1&amp;apos;
Driver info: org.openqa.selenium.chrome.ChromeDriver
Command: [0c2e5f71a41f24462a7fb8eee45b075b, findElement {using=xpath, value=//a[text()=&amp;apos;Logout Alumni&amp;apos;]}]
Capabilities {acceptInsecureCerts: false, browserName: chrome, browserVersion: 110.0.5481.105, chrome: {chromedriverVersion: 110.0.5481.77 (65ed616c6e8e..., userDataDir: C:\Users\User\AppData\Local...}, goog:chromeOptions: {debuggerAddress: localhost:50089}, networkConnectionEnabled: false, pageLoadStrategy: normal, platformName: WINDOWS, proxy: Proxy(), se:cdp: ws://localhost:50089/devtoo..., se:cdpVersion: 110.0.5481.105, setWindowRect: true, strictFileInteractability: false, timeouts: {implicit: 0, pageLoad: 300000, script: 30000}, unhandledPromptBehavior: dismiss and notify, webauthn:extension:credBlob: true, webauthn:extension:largeBlob: true, webauthn:virtualAuthenticators: true}
Session ID: 0c2e5f71a41f24462a7fb8eee45b075b">
      <![CDATA[org.openqa.selenium.NoSuchElementException: no such element: Unable to locate element: {"method":"xpath","selector":"//a[text()='Logout Alumni']"}
  (Session info: chrome=110.0.5481.105)
For documentation on this error, please visit: https://selenium.dev/exceptions/#no_such_element
Build info: version: '4.6.0', revision: '79f1c02ae20'
System info: os.name: 'Windows 10', os.arch: 'amd64', os.version: '10.0', java.version: '19.0.1'
Driver info: org.openqa.selenium.chrome.ChromeDriver
Command: [0c2e5f71a41f24462a7fb8eee45b075b, findElement {using=xpath, value=//a[text()='Logout Alumni']}]
Capabilities {acceptInsecureCerts: false, browserName: chrome, browserVersion: 110.0.5481.105, chrome: {chromedriverVersion: 110.0.5481.77 (65ed616c6e8e..., userDataDir: C:\Users\User\AppData\Local...}, goog:chromeOptions: {debuggerAddress: localhost:50089}, networkConnectionEnabled: false, pageLoadStrategy: normal, platformName: WINDOWS, proxy: Proxy(), se:cdp: ws://localhost:50089/devtoo..., se:cdpVersion: 110.0.5481.105, setWindowRect: true, strictFileInteractability: false, timeouts: {implicit: 0, pageLoad: 300000, script: 30000}, unhandledPromptBehavior: dismiss and notify, webauthn:extension:credBlob: true, webauthn:extension:largeBlob: true, webauthn:virtualAuthenticators: true}
Session ID: 0c2e5f71a41f24462a7fb8eee45b075b
at org.openqa.selenium.remote.codec.w3c.W3CHttpResponseCodec.createException(W3CHttpResponseCodec.java:200)
at org.openqa.selenium.remote.codec.w3c.W3CHttpResponseCodec.decode(W3CHttpResponseCodec.java:133)
at org.openqa.selenium.remote.codec.w3c.W3CHttpResponseCodec.decode(W3CHttpResponseCodec.java:53)
at org.openqa.selenium.remote.HttpCommandExecutor.execute(HttpCommandExecutor.java:184)
at org.openqa.selenium.remote.service.DriverCommandExecutor.invokeExecute(DriverCommandExecutor.java:167)
at org.openqa.selenium.remote.service.DriverCommandExecutor.execute(DriverCommandExecutor.java:142)
at org.openqa.selenium.remote.RemoteWebDriver.execute(RemoteWebDriver.java:541)
at org.openqa.selenium.remote.ElementLocation$ElementFinder$2.findElement(ElementLocation.java:162)
at org.openqa.selenium.remote.ElementLocation.findElement(ElementLocation.java:60)
at org.openqa.selenium.remote.RemoteWebDriver.findElement(RemoteWebDriver.java:365)
at org.openqa.selenium.remote.RemoteWebDriver.findElement(RemoteWebDriver.java:357)
at org.openqa.selenium.support.pagefactory.DefaultElementLocator.findElement(DefaultElementLocator.java:70)
at org.openqa.selenium.support.pagefactory.internal.LocatingElementHandler.invoke(LocatingElementHandler.java:39)
at jdk.proxy2/jdk.proxy2.$Proxy16.click(Unknown Source)
at com.Pages.Alumni.LogoutAlu.Clicklogout(LogoutAlu.java:22)
at com.Test.Alumni.TestClassAlumni.LogoutVerification(TestClassAlumni.java:156)
at java.base/java.util.ArrayList.forEach(ArrayList.java:1511)
... Removed 28 stack frames]]>
    </failure>
  </testcase> <!-- LogoutVerification -->
  <testcase classname="com.Test.Employer.TestClassEmployer" name="SignupVerification" time="12.657"/>
  <testcase classname="com.Test.Employer.TestClassEmployer" name="LoginVerfication" time="21.578"/>
  <testcase classname="com.Test.Employer.TestClassEmployer" name="CreateNewPostVerification" time="23.443"/>
  <testcase classname="com.Test.Employer.TestClassEmployer" name="EditPostVerification" time="25.539"/>
  <testcase classname="com.Test.Employer.TestClassEmployer" name="ViewResumeVerification" time="13.456"/>
  <testcase classname="com.Test.Employer.TestClassEmployer" name="LogOutVerification" time="8.351"/>
  <testcase classname="com.Test.Faculty.TestClassFac" name="Signupverification" time="22.535"/>
  <testcase classname="com.Test.Faculty.TestClassFac" name="Loginverification" time="12.697"/>
  <testcase classname="com.Test.Faculty.TestClassFac" name="Logoutverification" time="0.173"/>
</testsuite> <!-- Functional Testing -->
